22:13:30 **** Incremental Build of configuration Debug for project Mini_Project_2 ****
make all 
Invoking: Print Size
avr-size --format=avr --mcu=atmega32 Mini_Project_2.elf
AVR Memory Usage
----------------
Device: atmega32

Program:    9602 bytes (29.3% Full)
(.text + .data + .bootloader)

Data:         12 bytes (0.6% Full)
(.data + .bss + .noinit)


Finished building: sizedummy
 
16:54:07 **** Build of configuration Debug for project Mini_Project_2 ****
make all 
Building file: ../Mini_Project_2.c
Invoking: AVR Compiler
avr-gcc -Wall -g2 -gstabs -O0 -fpack-struct -fshort-enums -ffunction-sections -fdata-sections -std=gnu99 -funsigned-char -funsigned-bitfields -mmcu=atmega32 -DF_CPU=16000000UL -MMD -MP -MF"Mini_Project_2.d" -MT"Mini_Project_2.o" -c -o "Mini_Project_2.o" "../Mini_Project_2.c"
In file included from ../Mini_Project_2.c:5:
d:/applications/win avr/lib/gcc/../../avr/include/util/delay.h:90:3: warning: #warning "Compiler optimizations disabled; functions from <util/delay.h> won't work as designed"
Finished building: ../Mini_Project_2.c
 
Building target: Mini_Project_2.elf
Invoking: AVR C Linker
avr-gcc -Wl,-Map,Mini_Project_2.map -mmcu=atmega32 -o "Mini_Project_2.elf"  ./Mini_Project_2.o   
Finished building target: Mini_Project_2.elf
 
Invoking: AVR Create Extended Listing
avr-objdump -h -S Mini_Project_2.elf  >"Mini_Project_2.lss"
Finished building: Mini_Project_2.lss
 
Invoking: Print Size
avr-size --format=avr --mcu=atmega32 Mini_Project_2.elf
AVR Memory Usage
----------------
Device: atmega32

Program:    9484 bytes (28.9% Full)
(.text + .data + .bootloader)

Data:         11 bytes (0.5% Full)
(.data + .bss + .noinit)


Finished building: sizedummy
 
09:15:17 **** Clean-only build of configuration Debug for project Dual-Mode StopWatch file ****
make clean 
rm -rf  ./Mini_Project_2.o  sizedummy  Mini_Project_2.lss  ./Mini_Project_2.d  Mini_Project_2.elf
 
09:15:19 **** Build of configuration Debug for project Dual-Mode StopWatch file ****
make all 
Building file: ../main.c
Invoking: AVR Compiler
avr-gcc -Wall -g2 -gstabs -O0 -fpack-struct -fshort-enums -ffunction-sections -fdata-sections -std=gnu99 -funsigned-char -funsigned-bitfields -mmcu=atmega32 -DF_CPU=16000000UL -MMD -MP -MF"main.d" -MT"main.o" -c -o "main.o" "../main.c"
In file included from ../main.c:5:
c:/winavr-20100110/lib/gcc/../../avr/include/util/delay.h:90:3: warning: #warning "Compiler optimizations disabled; functions from <util/delay.h> won't work as designed"
Finished building: ../main.c
 
Building target: Dual-Mode StopWatch file.elf
Invoking: AVR C Linker
avr-gcc -Wl,-Map,Dual-Mode StopWatch file.map -mmcu=atmega32 -o "Dual-Mode StopWatch file.elf"  ./main.o   
avr-gcc.exe: StopWatch: No such file or directory
avr-gcc.exe: file.map: No such file or directory
make: *** [Dual-Mode StopWatch file.elf] Error 1
"make all" terminated with exit code 2. Build might be incomplete.
09:15:27 **** Incremental Build of configuration Debug for project Dual-Mode StopWatch file ****
make all 
Building target: Dual-Mode StopWatch file.elf
Invoking: AVR C Linker
avr-gcc -Wl,-Map,Dual-Mode StopWatch file.map -mmcu=atmega32 -o "Dual-Mode StopWatch file.elf"  ./main.o   
avr-gcc.exe: StopWatch: No such file or directory
avr-gcc.exe: file.map: No such file or directory
make: *** [Dual-Mode StopWatch file.elf] Error 1
"make all" terminated with exit code 2. Build might be incomplete.
09:15:28 **** Incremental Build of configuration Debug for project Dual-Mode StopWatch file ****
make all 
Building target: Dual-Mode StopWatch file.elf
Invoking: AVR C Linker
avr-gcc -Wl,-Map,Dual-Mode StopWatch file.map -mmcu=atmega32 -o "Dual-Mode StopWatch file.elf"  ./main.o   
avr-gcc.exe: StopWatch: No such file or directory
avr-gcc.exe: file.map: No such file or directory
make: *** [Dual-Mode StopWatch file.elf] Error 1
"make all" terminated with exit code 2. Build might be incomplete.
09:16:10 **** Incremental Build of configuration Debug for project Dual-Mode StopWatch file ****
make all 
Building target: Dual-Mode StopWatch file.elf
Invoking: AVR C Linker
avr-gcc -Wl,-Map,Dual-Mode StopWatch file.map -mmcu=atmega32 -o "Dual-Mode StopWatch file.elf"  ./main.o   
avr-gcc.exe: StopWatch: No such file or directory
avr-gcc.exe: file.map: No such file or directory
make: *** [Dual-Mode StopWatch file.elf] Error 1
"make all" terminated with exit code 2. Build might be incomplete.
09:17:29 **** Clean-only build of configuration Debug for project Files ****
make clean 
rm -rf  ./main.o  sizedummy  Dual-Mode\ StopWatch\ file.lss  ./main.d  "Dual-Mode StopWatch file.elf"
 
09:17:30 **** Build of configuration Debug for project Files ****
make all 
Building file: ../main.c
Invoking: AVR Compiler
avr-gcc -Wall -g2 -gstabs -O0 -fpack-struct -fshort-enums -ffunction-sections -fdata-sections -std=gnu99 -funsigned-char -funsigned-bitfields -mmcu=atmega32 -DF_CPU=16000000UL -MMD -MP -MF"main.d" -MT"main.o" -c -o "main.o" "../main.c"
In file included from ../main.c:5:
c:/winavr-20100110/lib/gcc/../../avr/include/util/delay.h:90:3: warning: #warning "Compiler optimizations disabled; functions from <util/delay.h> won't work as designed"
Finished building: ../main.c
 
Building target: Files.elf
Invoking: AVR C Linker
avr-gcc -Wl,-Map,Files.map -mmcu=atmega32 -o "Files.elf"  ./main.o   
Finished building target: Files.elf
 
Invoking: AVR Create Extended Listing
avr-objdump -h -S Files.elf  >"Files.lss"
Finished building: Files.lss
 
Invoking: Print Size
avr-size --format=avr --mcu=atmega32 Files.elf
AVR Memory Usage
----------------
Device: atmega32

Program:    9484 bytes (28.9% Full)
(.text + .data + .bootloader)

Data:         11 bytes (0.5% Full)
(.data + .bss + .noinit)


Finished building: sizedummy
 
09:17:35 **** Incremental Build of configuration Debug for project Files ****
make all 
Invoking: Print Size
avr-size --format=avr --mcu=atmega32 Files.elf
AVR Memory Usage
----------------
Device: atmega32

Program:    9484 bytes (28.9% Full)
(.text + .data + .bootloader)

Data:         11 bytes (0.5% Full)
(.data + .bss + .noinit)


Finished building: sizedummy
 
