16:54:07 **** Build of configuration Debug for project Mini_Project_2 ****
make all 
Building file: ../Mini_Project_2.c
Invoking: AVR Compiler
avr-gcc -Wall -g2 -gstabs -O0 -fpack-struct -fshort-enums -ffunction-sections -fdata-sections -std=gnu99 -funsigned-char -funsigned-bitfields -mmcu=atmega32 -DF_CPU=16000000UL -MMD -MP -MF"Mini_Project_2.d" -MT"Mini_Project_2.o" -c -o "Mini_Project_2.o" "../Mini_Project_2.c"
In file included from ../Mini_Project_2.c:5:
d:/applications/win avr/lib/gcc/../../avr/include/util/delay.h:90:3: warning: #warning "Compiler optimizations disabled; functions from <util/delay.h> won't work as designed"
Finished building: ../Mini_Project_2.c
 
Building target: Mini_Project_2.elf
Invoking: AVR C Linker
avr-gcc -Wl,-Map,Mini_Project_2.map -mmcu=atmega32 -o "Mini_Project_2.elf"  ./Mini_Project_2.o   
Finished building target: Mini_Project_2.elf
 
Invoking: AVR Create Extended Listing
avr-objdump -h -S Mini_Project_2.elf  >"Mini_Project_2.lss"
Finished building: Mini_Project_2.lss
 
Invoking: Print Size
avr-size --format=avr --mcu=atmega32 Mini_Project_2.elf
AVR Memory Usage
----------------
Device: atmega32

Program:    9484 bytes (28.9% Full)
(.text + .data + .bootloader)

Data:         11 bytes (0.5% Full)
(.data + .bss + .noinit)


Finished building: sizedummy
 

16:54:09 Build Finished. 0 errors, 1 warnings. (took 1s.766ms)

